<?xml version="1.0" encoding="UTF-8"?>
<!-- Generated by org.testng.reporters.JUnitReportReporter -->
<testsuite skipped="0" hostname="ip-10-2-42-177.ap-southeast-1.compute.internal" name="testcases.androiddax.AndroidLoginTest" tests="1" failures="0" timestamp="16 Jan 2018 07:39:52 GMT" time="50.240" errors="0">
  <testcase name="login" time="50.240" classname="testcases.androiddax.AndroidLoginTest"/>
</testsuite> <!-- testcases.androiddax.AndroidLoginTest -->
