<?xml version="1.0" encoding="UTF-8"?>
<!-- Generated by org.testng.reporters.JUnitReportReporter -->
<testsuite skipped="0" hostname="ITSG000186-MAC.local" name="testcases.androiddax.LoginTest" tests="1" failures="0" timestamp="09 Jan 2018 07:11:14 GMT" time="52.238" errors="0">
  <testcase name="login" time="52.238" classname="testcases.androiddax.LoginTest"/>
</testsuite> <!-- testcases.androiddax.LoginTest -->
