<?xml version="1.0" encoding="UTF-8"?>
<!-- Generated by org.testng.reporters.JUnitReportReporter -->
<testsuite skipped="0" hostname="ip-10-2-42-177.ap-southeast-1.compute.internal" name="testcases.iosdax.IOSLoginTest" tests="1" failures="0" timestamp="16 Jan 2018 07:44:08 GMT" time="47.624" errors="0">
  <testcase name="login" time="47.624" classname="testcases.iosdax.IOSLoginTest"/>
</testsuite> <!-- testcases.iosdax.IOSLoginTest -->
